timestamp: 2014-11-25T00:48:07.582115
CREATE TABLE auth_user(
    id INTEGER PRIMARY KEY AUTOINCREMENT,
    first_name CHAR(128),
    last_name CHAR(128),
    email CHAR(512),
    password CHAR(512),
    registration_key CHAR(512),
    reset_password_key CHAR(512),
    registration_id CHAR(512)
);
success!
timestamp: 2014-11-25T00:48:07.585797
CREATE TABLE auth_group(
    id INTEGER PRIMARY KEY AUTOINCREMENT,
    role CHAR(512),
    description TEXT
);
success!
timestamp: 2014-11-25T00:48:07.589547
CREATE TABLE auth_membership(
    id INTEGER PRIMARY KEY AUTOINCREMENT,
    user_id INTEGER REFERENCES auth_user (id) ON DELETE CASCADE,
    group_id INTEGER REFERENCES auth_group (id) ON DELETE CASCADE
);
success!
timestamp: 2014-11-25T00:48:07.594135
CREATE TABLE auth_permission(
    id INTEGER PRIMARY KEY AUTOINCREMENT,
    group_id INTEGER REFERENCES auth_group (id) ON DELETE CASCADE,
    name CHAR(512),
    table_name CHAR(512),
    record_id INTEGER
);
success!
timestamp: 2014-11-25T00:48:07.598190
CREATE TABLE auth_event(
    id INTEGER PRIMARY KEY AUTOINCREMENT,
    time_stamp TIMESTAMP,
    client_ip CHAR(512),
    user_id INTEGER REFERENCES auth_user (id) ON DELETE CASCADE,
    origin CHAR(512),
    description TEXT
);
success!
timestamp: 2014-11-25T00:48:07.601916
CREATE TABLE auth_cas(
    id INTEGER PRIMARY KEY AUTOINCREMENT,
    user_id INTEGER REFERENCES auth_user (id) ON DELETE CASCADE,
    created_on TIMESTAMP,
    service CHAR(512),
    ticket CHAR(512),
    renew CHAR(1)
);
success!
timestamp: 2014-11-25T00:52:04.231192
CREATE TABLE theme(
    id INTEGER PRIMARY KEY AUTOINCREMENT,
    name CHAR(512)
);
success!
timestamp: 2014-11-25T01:33:15.745439
ALTER TABLE theme ADD released_year CHAR(512);
success!
success!
timestamp: 2014-11-26T17:17:41.360057
CREATE TABLE lego_theme(
    id INTEGER PRIMARY KEY AUTOINCREMENT,
    name CHAR(512),
    released_year INTEGER
);
success!
timestamp: 2014-11-26T17:18:53.926597
CREATE TABLE lego_set(
    id INTEGER PRIMARY KEY AUTOINCREMENT,
    ser_number CHAR(512),
    name CHAR(512),
    released_year INTEGER,
    piece INTEGER,
    rrp_us DOUBLE,
    rrp_eu DOUBLE,
    rrp_uk DOUBLE,
    packaging CHAR(512),
    if_exclusive CHAR(1)
);
success!
timestamp: 2014-11-26T17:25:18.775061
ALTER TABLE lego_set ADD set_number CHAR(512);
success!
success!
timestamp: 2014-11-26T17:25:44.778339
CREATE TABLE packaging(
    id INTEGER PRIMARY KEY AUTOINCREMENT,
    name CHAR(512)
);
success!
success!
success!
success!
success!
success!
success!
success!
success!
success!
success!
success!
success!
success!
success!
success!
success!
success!
success!
success!
success!
success!
success!
success!
success!
success!
success!
success!
success!
success!
success!
success!
success!
success!
success!
success!
timestamp: 2014-11-26T23:06:34.185642
ALTER TABLE lego_set ADD theme INTEGER REFERENCES lego_theme (id) ON DELETE CASCADE;
success!
success!
success!
success!
success!
success!
success!
success!
success!
success!
success!
success!
success!
success!
timestamp: 2014-12-01T14:39:31.646453
CREATE TABLE lego_sub_theme(
    id INTEGER PRIMARY KEY AUTOINCREMENT,
    name CHAR(512),
    theme INTEGER REFERENCES lego_theme (id) ON DELETE CASCADE,
    released_year INTEGER
);
success!
timestamp: 2014-12-01T14:43:33.828815
CREATE TABLE age_range(
    id INTEGER PRIMARY KEY AUTOINCREMENT,
    age_range CHAR(512)
);
success!
timestamp: 2014-12-01T14:43:33.881897
ALTER TABLE lego_set ADD age_range INTEGER REFERENCES age_range (id) ON DELETE CASCADE;
timestamp: 2014-12-01T14:43:33.915954
ALTER TABLE lego_set ADD model_height DOUBLE;
timestamp: 2014-12-01T14:43:33.917952
ALTER TABLE lego_set ADD weight DOUBLE;
timestamp: 2014-12-01T14:43:33.920135
ALTER TABLE lego_set ADD released_date_ca DATE;
timestamp: 2014-12-01T14:43:33.921956
ALTER TABLE lego_set ADD minifig INTEGER;
timestamp: 2014-12-01T14:43:33.923701
ALTER TABLE lego_set ADD box_length DOUBLE;
timestamp: 2014-12-01T14:43:33.927680
ALTER TABLE lego_set ADD eol_date_eu DATE;
timestamp: 2014-12-01T14:43:33.929483
ALTER TABLE lego_set ADD model_length DOUBLE;
timestamp: 2014-12-01T14:43:33.933208
ALTER TABLE lego_set ADD box_width DOUBLE;
timestamp: 2014-12-01T14:43:33.935008
ALTER TABLE lego_set ADD released_date_eu DATE;
timestamp: 2014-12-01T14:43:33.938241
ALTER TABLE lego_set ADD model_width DOUBLE;
timestamp: 2014-12-01T14:43:33.940055
ALTER TABLE lego_set ADD eol_date_ca DATE;
timestamp: 2014-12-01T14:43:33.942592
ALTER TABLE lego_set ADD sub_theme INTEGER REFERENCES lego_sub_theme (id) ON DELETE CASCADE;
timestamp: 2014-12-01T14:43:33.944257
ALTER TABLE lego_set ADD released_date_us DATE;
timestamp: 2014-12-01T14:43:33.947221
ALTER TABLE lego_set ADD separator_availability CHAR(512);
timestamp: 2014-12-01T14:43:33.949036
ALTER TABLE lego_set ADD box_height DOUBLE;
timestamp: 2014-12-01T14:43:33.951242
ALTER TABLE lego_set ADD rrp_ca DOUBLE;
timestamp: 2014-12-01T14:43:33.953548
ALTER TABLE lego_set ADD eol_date_us DATE;
timestamp: 2014-12-01T14:43:33.956145
ALTER TABLE lego_set ADD instruction INTEGER;
timestamp: 2014-12-01T14:43:33.958085
ALTER TABLE lego_set ADD bag INTEGER;
success!
